e:\studyclass\database\rust\project\demo\joker\src\joker_c\joker_c\x64\debug\vc143.pdb
e:\studyclass\database\rust\project\demo\joker\src\joker_c\joker_c\x64\debug\vc143.idb
e:\studyclass\database\rust\project\demo\joker\src\joker_c\joker_c\x64\debug\vm.obj
e:\studyclass\database\rust\project\demo\joker\src\joker_c\joker_c\x64\debug\value.obj
e:\studyclass\database\rust\project\demo\joker\src\joker_c\joker_c\x64\debug\token.obj
e:\studyclass\database\rust\project\demo\joker\src\joker_c\joker_c\x64\debug\test.obj
e:\studyclass\database\rust\project\demo\joker\src\joker_c\joker_c\x64\debug\string.obj
e:\studyclass\database\rust\project\demo\joker\src\joker_c\joker_c\x64\debug\scanner.obj
e:\studyclass\database\rust\project\demo\joker\src\joker_c\joker_c\x64\debug\parser.obj
e:\studyclass\database\rust\project\demo\joker\src\joker_c\joker_c\x64\debug\option.obj
e:\studyclass\database\rust\project\demo\joker\src\joker_c\joker_c\x64\debug\object.obj
e:\studyclass\database\rust\project\demo\joker\src\joker_c\joker_c\x64\debug\memory.obj
e:\studyclass\database\rust\project\demo\joker\src\joker_c\joker_c\x64\debug\joker_c.obj
e:\studyclass\database\rust\project\demo\joker\src\joker_c\joker_c\x64\debug\hashmap.obj
e:\studyclass\database\rust\project\demo\joker\src\joker_c\joker_c\x64\debug\gc.obj
e:\studyclass\database\rust\project\demo\joker\src\joker_c\joker_c\x64\debug\error.obj
e:\studyclass\database\rust\project\demo\joker\src\joker_c\joker_c\x64\debug\debug.obj
e:\studyclass\database\rust\project\demo\joker\src\joker_c\joker_c\x64\debug\compiler.obj
e:\studyclass\database\rust\project\demo\joker\src\joker_c\joker_c\x64\debug\chunk.obj
e:\studyclass\database\rust\project\demo\joker\src\joker_c\joker_c\x64\debug\native.obj
e:\studyclass\database\rust\project\demo\joker\src\joker_c\joker_c\x64\debug\fn.obj
e:\studyclass\database\rust\project\demo\joker\src\joker_c\x64\debug\joker_c.exe
e:\studyclass\database\rust\project\demo\joker\src\joker_c\x64\debug\joker_c.pdb
e:\studyclass\database\rust\project\demo\joker\src\joker_c\joker_c\x64\debug\joker_c.ilk
e:\studyclass\database\rust\project\demo\joker\src\joker_c\joker_c\x64\debug\function.obj
e:\studyclass\database\rust\project\demo\joker\src\joker_c\joker_c\x64\debug\joker_c.tlog\cl.command.1.tlog
e:\studyclass\database\rust\project\demo\joker\src\joker_c\joker_c\x64\debug\joker_c.tlog\cl.items.tlog
e:\studyclass\database\rust\project\demo\joker\src\joker_c\joker_c\x64\debug\joker_c.tlog\cl.read.1.tlog
e:\studyclass\database\rust\project\demo\joker\src\joker_c\joker_c\x64\debug\joker_c.tlog\cl.write.1.tlog
e:\studyclass\database\rust\project\demo\joker\src\joker_c\joker_c\x64\debug\joker_c.tlog\link.command.1.tlog
e:\studyclass\database\rust\project\demo\joker\src\joker_c\joker_c\x64\debug\joker_c.tlog\link.read.1.tlog
e:\studyclass\database\rust\project\demo\joker\src\joker_c\joker_c\x64\debug\joker_c.tlog\link.secondary.1.tlog
e:\studyclass\database\rust\project\demo\joker\src\joker_c\joker_c\x64\debug\joker_c.tlog\link.write.1.tlog
